python ./run_search.py -p 2 -s 1

Solving Air Cargo Problem 2 using breadth_first_search...

Expansions   Goal Tests   New Nodes
   3343        4609       30509   

Plan length: 9  Time elapsed in seconds: 15.330001001013443
Load(C2, P2, JFK)
Load(C1, P1, SFO)
Load(C3, P3, ATL)
Fly(P2, JFK, SFO)
Unload(C2, P2, SFO)
Fly(P1, SFO, JFK)
Unload(C1, P1, JFK)
Fly(P3, ATL, SFO)
Unload(C3, P3, SFO)

python ./run_search.py -p 2 -s 2

Solving Air Cargo Problem 2 using breadth_first_tree_search...
===> Took more than 30 minutes, I aborted

python ./run_search.py -p 2 -s 3

Solving Air Cargo Problem 2 using depth_first_graph_search...

Expansions   Goal Tests   New Nodes
   582         583         5211   

Plan length: 575  Time elapsed in seconds: 3.400558836059645
Fly(P3, ATL, SFO)
Fly(P1, SFO, ATL)
Fly(P3, SFO, JFK)
Fly(P1, ATL, JFK)
Fly(P2, JFK, ATL)
Fly(P3, JFK, ATL)
Fly(P2, ATL, SFO)
Fly(P3, ATL, SFO)
Load(C1, P3, SFO)
Fly(P3, SFO, ATL)
Fly(P2, SFO, ATL)
Fly(P3, ATL, JFK)
Fly(P2, ATL, JFK)
Fly(P1, JFK, ATL)
Fly(P3, JFK, ATL)
Fly(P1, ATL, SFO)
Unload(C1, P3, ATL)
Fly(P3, ATL, SFO)
Fly(P1, SFO, ATL)
Fly(P3, SFO, JFK)
Fly(P1, ATL, JFK)
Fly(P2, JFK, ATL)
Fly(P3, JFK, SFO)
Fly(P2, ATL, SFO)
Load(C2, P1, JFK)
Fly(P3, SFO, ATL)
Fly(P2, SFO, ATL)
Fly(P1, JFK, ATL)
Fly(P3, ATL, SFO)
Fly(P1, ATL, SFO)
Fly(P2, ATL, JFK)
Fly(P3, SFO, ATL)
Unload(C2, P1, SFO)
Fly(P3, ATL, JFK)
Fly(P1, SFO, ATL)
Fly(P2, JFK, ATL)
Fly(P1, ATL, JFK)
Fly(P2, ATL, SFO)
Fly(P3, JFK, ATL)
Fly(P1, JFK, ATL)
Fly(P3, ATL, SFO)
Fly(P1, ATL, SFO)
Load(C2, P3, SFO)
Fly(P3, SFO, ATL)
Fly(P2, SFO, ATL)
Fly(P3, ATL, JFK)
Fly(P1, SFO, ATL)
Fly(P2, ATL, SFO)
Load(C3, P1, ATL)
Fly(P1, ATL, SFO)
Fly(P2, SFO, ATL)
Fly(P1, SFO, JFK)
Fly(P2, ATL, JFK)
Fly(P3, JFK, ATL)
Fly(P1, JFK, ATL)
Fly(P3, ATL, SFO)
Fly(P1, ATL, SFO)
Unload(C2, P3, SFO)
Fly(P3, SFO, ATL)
Fly(P1, SFO, ATL)
Fly(P2, JFK, ATL)
Fly(P3, ATL, SFO)
Fly(P1, ATL, JFK)
Fly(P2, ATL, SFO)
Fly(P3, SFO, ATL)
Unload(C3, P1, JFK)
Fly(P3, ATL, JFK)
Fly(P2, SFO, ATL)
Fly(P1, JFK, ATL)
Fly(P2, ATL, JFK)
Fly(P1, ATL, SFO)
Fly(P3, JFK, ATL)
Fly(P2, JFK, ATL)
Fly(P3, ATL, SFO)
Fly(P2, ATL, SFO)
Fly(P1, SFO, ATL)
Load(C1, P1, ATL)
Fly(P1, ATL, SFO)
Fly(P3, SFO, ATL)
Fly(P2, SFO, ATL)
Fly(P3, ATL, JFK)
Fly(P2, ATL, JFK)
Fly(P1, SFO, JFK)
Fly(P3, JFK, ATL)
Fly(P1, JFK, ATL)
Load(C3, P2, JFK)
Fly(P3, ATL, SFO)
Fly(P1, ATL, SFO)
Fly(P2, JFK, ATL)
Fly(P3, SFO, ATL)
Fly(P2, ATL, SFO)
Fly(P3, ATL, JFK)
Fly(P1, SFO, ATL)
Fly(P2, SFO, ATL)
Fly(P1, ATL, JFK)
Unload(C3, P2, ATL)
Fly(P2, ATL, SFO)
Fly(P3, JFK, ATL)
Fly(P2, SFO, JFK)
Fly(P3, ATL, SFO)
Fly(P1, JFK, ATL)
Fly(P2, JFK, ATL)
Fly(P3, SFO, ATL)
Load(C3, P3, ATL)
Fly(P3, ATL, SFO)
Fly(P2, ATL, SFO)
Fly(P1, ATL, SFO)
Fly(P3, SFO, ATL)
Fly(P2, SFO, JFK)
Unload(C1, P1, SFO)
Fly(P3, ATL, SFO)
Fly(P1, SFO, ATL)
Fly(P3, SFO, JFK)
Fly(P1, ATL, JFK)
Fly(P2, JFK, ATL)
Fly(P3, JFK, ATL)
Fly(P2, ATL, SFO)
Fly(P3, ATL, SFO)
Unload(C3, P3, SFO)
Fly(P3, SFO, ATL)
Fly(P2, SFO, ATL)
Fly(P3, ATL, JFK)
Fly(P2, ATL, JFK)
Fly(P1, JFK, ATL)
Fly(P3, JFK, ATL)
Fly(P1, ATL, SFO)
Load(C3, P1, SFO)
Fly(P3, ATL, SFO)
Fly(P1, SFO, ATL)
Fly(P3, SFO, JFK)
Fly(P1, ATL, JFK)
Fly(P2, JFK, ATL)
Fly(P3, JFK, ATL)
Fly(P2, ATL, SFO)
Fly(P3, ATL, SFO)
Unload(C3, P1, JFK)
Fly(P2, SFO, ATL)
Fly(P1, JFK, ATL)
Fly(P2, ATL, JFK)
Fly(P1, ATL, SFO)
Fly(P3, SFO, ATL)
Fly(P1, SFO, JFK)
Load(C3, P2, JFK)
Fly(P3, ATL, SFO)
Fly(P2, JFK, ATL)
Fly(P3, SFO, JFK)
Fly(P2, ATL, SFO)
Fly(P1, JFK, ATL)
Fly(P2, SFO, JFK)
Fly(P1, ATL, SFO)
Load(C2, P1, SFO)
Fly(P1, SFO, ATL)
Fly(P3, JFK, ATL)
Fly(P1, ATL, JFK)
Fly(P3, ATL, SFO)
Fly(P2, JFK, ATL)
Fly(P3, SFO, JFK)
Fly(P2, ATL, SFO)
Unload(C3, P2, SFO)
Fly(P2, SFO, ATL)
Fly(P3, JFK, ATL)
Fly(P2, ATL, JFK)
Fly(P3, ATL, SFO)
Fly(P1, JFK, ATL)
Fly(P3, SFO, JFK)
Fly(P1, ATL, SFO)
Load(C3, P1, SFO)
Fly(P1, SFO, ATL)
Fly(P3, JFK, ATL)
Fly(P1, ATL, JFK)
Fly(P3, ATL, SFO)
Fly(P2, JFK, ATL)
Fly(P3, SFO, JFK)
Fly(P2, ATL, SFO)
Unload(C3, P1, JFK)
Fly(P2, SFO, JFK)
Unload(C2, P1, JFK)
Fly(P3, JFK, ATL)
Fly(P2, JFK, ATL)
Fly(P3, ATL, SFO)
Fly(P2, ATL, SFO)
Fly(P1, JFK, ATL)
Fly(P3, SFO, ATL)
Fly(P1, ATL, SFO)
Fly(P3, ATL, JFK)
Fly(P2, SFO, ATL)
Fly(P1, SFO, ATL)
Load(C3, P3, JFK)
Fly(P2, ATL, SFO)
Fly(P1, ATL, JFK)
Fly(P3, JFK, SFO)
Fly(P2, SFO, ATL)
Fly(P1, JFK, SFO)
Fly(P2, ATL, JFK)
Fly(P1, SFO, ATL)
Fly(P3, SFO, ATL)
Fly(P1, ATL, JFK)
Load(C2, P2, JFK)
Fly(P3, ATL, SFO)
Fly(P2, JFK, ATL)
Fly(P3, SFO, JFK)
Fly(P2, ATL, SFO)
Fly(P1, JFK, ATL)
Fly(P2, SFO, JFK)
Fly(P1, ATL, SFO)
Unload(C3, P3, JFK)
Fly(P3, JFK, ATL)
Fly(P1, SFO, ATL)
Fly(P3, ATL, SFO)
Fly(P1, ATL, JFK)
Fly(P2, JFK, ATL)
Fly(P3, SFO, ATL)
Fly(P2, ATL, SFO)
Load(C1, P2, SFO)
Fly(P3, ATL, SFO)
Fly(P2, SFO, ATL)
Fly(P3, SFO, JFK)
Fly(P2, ATL, JFK)
Fly(P1, JFK, ATL)
Fly(P3, JFK, ATL)
Fly(P1, ATL, SFO)
Fly(P3, ATL, SFO)
Unload(C2, P2, JFK)
Fly(P1, SFO, ATL)
Fly(P2, JFK, ATL)
Fly(P1, ATL, JFK)
Fly(P3, SFO, ATL)
Fly(P2, ATL, SFO)
Fly(P3, ATL, JFK)
Fly(P1, JFK, ATL)
Load(C2, P3, JFK)
Fly(P1, ATL, SFO)
Fly(P2, SFO, ATL)
Fly(P1, SFO, JFK)
Fly(P2, ATL, JFK)
Fly(P3, JFK, ATL)
Fly(P1, JFK, ATL)
Fly(P3, ATL, SFO)
Fly(P1, ATL, SFO)
Unload(C2, P3, SFO)
Fly(P3, SFO, ATL)
Fly(P1, SFO, ATL)
Fly(P3, ATL, JFK)
Fly(P1, ATL, JFK)
Fly(P2, JFK, SFO)
Fly(P1, JFK, SFO)
Fly(P2, SFO, ATL)
Load(C2, P1, SFO)
Fly(P2, ATL, JFK)
Fly(P1, SFO, ATL)
Fly(P3, JFK, ATL)
Fly(P1, ATL, JFK)
Fly(P3, ATL, SFO)
Fly(P2, JFK, SFO)
Fly(P1, JFK, ATL)
Fly(P2, SFO, ATL)
Unload(C1, P2, ATL)
Fly(P2, ATL, SFO)
Fly(P1, ATL, JFK)
Fly(P3, SFO, ATL)
Fly(P2, SFO, ATL)
Fly(P3, ATL, JFK)
Fly(P2, ATL, JFK)
Fly(P1, JFK, ATL)
Fly(P3, JFK, ATL)
Unload(C2, P1, ATL)
Fly(P3, ATL, SFO)
Fly(P1, ATL, SFO)
Fly(P3, SFO, JFK)
Fly(P1, SFO, JFK)
Fly(P2, JFK, ATL)
Fly(P3, JFK, ATL)
Fly(P2, ATL, SFO)
Fly(P3, ATL, SFO)
Load(C3, P1, JFK)
Fly(P2, SFO, ATL)
Fly(P1, JFK, ATL)
Fly(P2, ATL, JFK)
Fly(P1, ATL, SFO)
Fly(P3, SFO, ATL)
Fly(P2, JFK, ATL)
Fly(P3, ATL, JFK)
Fly(P2, ATL, SFO)
Fly(P1, SFO, ATL)
Fly(P3, JFK, ATL)
Unload(C3, P1, ATL)
Fly(P3, ATL, SFO)
Fly(P1, ATL, SFO)
Fly(P2, SFO, ATL)
Fly(P3, SFO, JFK)
Fly(P2, ATL, JFK)
Fly(P1, SFO, ATL)
Load(C2, P1, ATL)
Fly(P2, JFK, SFO)
Load(C1, P1, ATL)
Fly(P1, ATL, SFO)
Fly(P2, SFO, ATL)
Fly(P1, SFO, JFK)
Fly(P2, ATL, JFK)
Fly(P3, JFK, ATL)
Fly(P1, JFK, ATL)
Fly(P3, ATL, SFO)
Fly(P1, ATL, SFO)
Unload(C1, P1, SFO)
Fly(P3, SFO, ATL)
Fly(P2, JFK, ATL)
Fly(P1, SFO, ATL)
Fly(P3, ATL, SFO)
Fly(P2, ATL, SFO)
Fly(P3, SFO, JFK)
Fly(P1, ATL, JFK)
Load(C1, P2, SFO)
Fly(P2, SFO, ATL)
Fly(P1, JFK, ATL)
Fly(P2, ATL, JFK)
Fly(P1, ATL, SFO)
Fly(P3, JFK, ATL)
Fly(P1, SFO, JFK)
Fly(P3, ATL, SFO)
Unload(C1, P2, JFK)
Fly(P2, JFK, ATL)
Fly(P3, SFO, ATL)
Fly(P2, ATL, SFO)
Fly(P3, ATL, JFK)
Fly(P1, JFK, ATL)
Fly(P2, SFO, ATL)
Fly(P1, ATL, SFO)
Unload(C2, P1, SFO)
Fly(P2, ATL, SFO)
Fly(P1, SFO, ATL)
Fly(P2, SFO, JFK)
Fly(P1, ATL, JFK)
Load(C1, P3, JFK)
Fly(P3, JFK, ATL)
Fly(P2, JFK, ATL)
Fly(P3, ATL, SFO)
Fly(P2, ATL, SFO)
Fly(P1, JFK, ATL)
Fly(P2, SFO, JFK)
Fly(P1, ATL, SFO)
Load(C2, P3, SFO)
Fly(P3, SFO, ATL)
Fly(P1, SFO, ATL)
Fly(P2, JFK, ATL)
Fly(P3, ATL, SFO)
Unload(C1, P3, SFO)
Fly(P2, ATL, SFO)
Fly(P1, ATL, SFO)
Fly(P3, SFO, ATL)
Fly(P2, SFO, ATL)
Fly(P3, ATL, JFK)
Fly(P2, ATL, JFK)
Load(C1, P1, SFO)
Fly(P1, SFO, ATL)
Fly(P3, JFK, ATL)
Fly(P1, ATL, JFK)
Fly(P2, JFK, ATL)
Fly(P3, ATL, SFO)
Fly(P2, ATL, SFO)
Fly(P3, SFO, JFK)
Unload(C2, P3, JFK)
Fly(P3, JFK, ATL)
Fly(P2, SFO, ATL)
Fly(P3, ATL, SFO)
Fly(P2, ATL, JFK)
Load(C2, P2, JFK)
Fly(P3, SFO, ATL)
Fly(P2, JFK, ATL)
Fly(P3, ATL, JFK)
Fly(P1, JFK, ATL)
Fly(P2, ATL, SFO)
Fly(P1, ATL, SFO)
Fly(P2, SFO, JFK)
Unload(C1, P1, SFO)
Fly(P2, JFK, ATL)
Fly(P1, SFO, ATL)
Fly(P2, ATL, SFO)
Fly(P1, ATL, JFK)
Fly(P3, JFK, ATL)
Fly(P2, SFO, ATL)
Fly(P3, ATL, SFO)
Fly(P2, ATL, JFK)
Load(C1, P3, SFO)
Fly(P3, SFO, ATL)
Fly(P2, JFK, ATL)
Fly(P3, ATL, JFK)
Fly(P2, ATL, SFO)
Fly(P1, JFK, ATL)
Fly(P3, JFK, ATL)
Fly(P1, ATL, SFO)
Fly(P3, ATL, SFO)
Fly(P2, SFO, ATL)
Fly(P1, SFO, ATL)
Unload(C2, P2, ATL)
Fly(P2, ATL, SFO)
Fly(P1, ATL, SFO)
Fly(P3, SFO, ATL)
Fly(P2, SFO, ATL)
Fly(P3, ATL, JFK)
Fly(P2, ATL, JFK)
Fly(P1, SFO, ATL)
Unload(C1, P3, JFK)
Fly(P1, ATL, JFK)
Fly(P3, JFK, ATL)
Fly(P2, JFK, ATL)
Fly(P3, ATL, SFO)
Fly(P2, ATL, SFO)
Fly(P1, JFK, ATL)
Fly(P3, SFO, ATL)
Fly(P1, ATL, SFO)
Load(C3, P3, ATL)
Fly(P3, ATL, SFO)
Fly(P2, SFO, ATL)
Fly(P1, SFO, ATL)
Fly(P2, ATL, JFK)
Fly(P1, ATL, JFK)
Fly(P3, SFO, JFK)
Fly(P2, JFK, ATL)
Unload(C3, P3, JFK)
Fly(P2, ATL, SFO)
Fly(P3, JFK, ATL)
Fly(P2, SFO, JFK)
Fly(P3, ATL, SFO)
Fly(P1, JFK, ATL)
Fly(P3, SFO, JFK)
Fly(P1, ATL, SFO)
Load(C1, P3, JFK)
Fly(P1, SFO, JFK)
Fly(P3, JFK, ATL)
Load(C2, P3, ATL)
Fly(P3, ATL, SFO)
Fly(P2, JFK, ATL)
Fly(P3, SFO, JFK)
Fly(P2, ATL, SFO)
Fly(P1, JFK, ATL)
Fly(P2, SFO, JFK)
Fly(P1, ATL, SFO)
Unload(C2, P3, JFK)
Fly(P1, SFO, JFK)
Fly(P3, JFK, ATL)
Fly(P2, JFK, ATL)
Fly(P1, JFK, ATL)
Fly(P3, ATL, SFO)
Fly(P1, ATL, SFO)
Fly(P2, ATL, SFO)
Fly(P3, SFO, ATL)
Unload(C1, P3, ATL)
Fly(P3, ATL, SFO)
Fly(P2, SFO, ATL)
Fly(P3, SFO, JFK)
Fly(P2, ATL, JFK)
Fly(P1, SFO, ATL)
Fly(P3, JFK, ATL)
Load(C1, P1, ATL)
Fly(P3, ATL, SFO)
Fly(P1, ATL, SFO)
Fly(P3, SFO, JFK)
Fly(P1, SFO, JFK)
Fly(P2, JFK, ATL)
Fly(P3, JFK, ATL)
Fly(P2, ATL, SFO)
Fly(P3, ATL, SFO)
Unload(C1, P1, JFK)
Fly(P2, SFO, ATL)
Fly(P1, JFK, ATL)
Fly(P3, SFO, ATL)
Fly(P2, ATL, SFO)
Fly(P1, ATL, SFO)
Fly(P3, ATL, JFK)
Fly(P2, SFO, ATL)
Load(C3, P3, JFK)
Fly(P2, ATL, JFK)
Fly(P1, SFO, ATL)
Fly(P3, JFK, ATL)
Fly(P1, ATL, JFK)
Fly(P3, ATL, SFO)
Fly(P2, JFK, ATL)
Fly(P1, JFK, ATL)
Fly(P2, ATL, SFO)
Fly(P1, ATL, SFO)
Fly(P3, SFO, ATL)
Unload(C3, P3, ATL)
Fly(P3, ATL, SFO)
Fly(P2, SFO, ATL)
Fly(P1, SFO, ATL)
Fly(P2, ATL, JFK)
Load(C3, P1, ATL)
Fly(P1, ATL, SFO)
Fly(P3, SFO, ATL)
Fly(P1, SFO, JFK)
Fly(P3, ATL, JFK)
Fly(P2, JFK, ATL)
Fly(P1, JFK, ATL)
Fly(P2, ATL, SFO)
Fly(P1, ATL, SFO)
Unload(C3, P1, SFO)
Fly(P2, SFO, ATL)
Fly(P1, SFO, ATL)
Fly(P2, ATL, JFK)
Fly(P1, ATL, JFK)
Fly(P3, JFK, ATL)
Fly(P2, JFK, ATL)
Load(C2, P1, JFK)
Fly(P3, ATL, SFO)
Fly(P2, ATL, SFO)
Fly(P3, SFO, JFK)
Fly(P1, JFK, ATL)
Fly(P2, SFO, ATL)
Fly(P1, ATL, SFO)
Fly(P2, ATL, JFK)
Fly(P3, JFK, ATL)
Fly(P1, SFO, ATL)
Fly(P3, ATL, SFO)
Load(C1, P2, JFK)
Fly(P1, ATL, SFO)
Fly(P2, JFK, ATL)
Fly(P3, SFO, ATL)
Fly(P2, ATL, SFO)
Fly(P3, ATL, JFK)
Fly(P1, SFO, ATL)
Fly(P2, SFO, ATL)
Fly(P1, ATL, JFK)
Unload(C1, P2, ATL)
Fly(P2, ATL, SFO)
Fly(P3, JFK, ATL)
Fly(P2, SFO, JFK)
Fly(P3, ATL, SFO)
Fly(P1, JFK, ATL)
Fly(P3, SFO, JFK)
Fly(P1, ATL, SFO)
Unload(C2, P1, SFO)
Fly(P1, SFO, ATL)
Fly(P3, JFK, ATL)
Fly(P1, ATL, JFK)
Fly(P3, ATL, SFO)
Fly(P2, JFK, ATL)
Fly(P3, SFO, JFK)
Fly(P2, ATL, SFO)
Load(C3, P2, SFO)
Fly(P2, SFO, JFK)
Fly(P3, JFK, ATL)
Fly(P2, JFK, ATL)
Fly(P3, ATL, SFO)
Fly(P1, JFK, ATL)
Fly(P2, ATL, SFO)
Fly(P1, ATL, SFO)
Fly(P3, SFO, ATL)
Unload(C3, P2, SFO)
Fly(P2, SFO, ATL)
Load(C1, P3, ATL)
Fly(P3, ATL, SFO)
Fly(P2, ATL, SFO)
Fly(P1, SFO, ATL)
Fly(P3, SFO, ATL)
Fly(P1, ATL, JFK)
Fly(P3, ATL, JFK)
Fly(P2, SFO, ATL)
Fly(P1, JFK, ATL)
Fly(P2, ATL, JFK)
Fly(P1, ATL, SFO)
Load(C3, P1, SFO)
Fly(P1, SFO, ATL)
Fly(P2, JFK, ATL)
Fly(P1, ATL, JFK)
Fly(P2, ATL, SFO)
Unload(C1, P3, JFK)
Fly(P2, SFO, JFK)
Fly(P3, JFK, ATL)
Fly(P2, JFK, ATL)
Fly(P3, ATL, SFO)
Fly(P1, JFK, ATL)
Fly(P2, ATL, SFO)
Fly(P1, ATL, SFO)
Fly(P3, SFO, ATL)
Unload(C3, P1, SFO)


python ./run_search.py -p 2 -s 4

Solving Air Cargo Problem 2 using depth_limited_search...

Expansions   Goal Tests   New Nodes
  222719     2053741     2054119  

Plan length: 50  Time elapsed in seconds: 1038.917585748015
Load(C2, P2, JFK)
Load(C1, P1, SFO)
Load(C3, P3, ATL)
Unload(C2, P2, JFK)
Load(C2, P2, JFK)
Unload(C2, P2, JFK)
Load(C2, P2, JFK)
Unload(C2, P2, JFK)
Load(C2, P2, JFK)
Unload(C2, P2, JFK)
Load(C2, P2, JFK)
Unload(C2, P2, JFK)
Load(C2, P2, JFK)
Unload(C2, P2, JFK)
Load(C2, P2, JFK)
Unload(C2, P2, JFK)
Load(C2, P2, JFK)
Unload(C2, P2, JFK)
Load(C2, P2, JFK)
Unload(C2, P2, JFK)
Load(C2, P2, JFK)
Unload(C2, P2, JFK)
Load(C2, P2, JFK)
Unload(C2, P2, JFK)
Load(C2, P2, JFK)
Unload(C2, P2, JFK)
Load(C2, P2, JFK)
Unload(C2, P2, JFK)
Load(C2, P2, JFK)
Unload(C2, P2, JFK)
Load(C2, P2, JFK)
Unload(C2, P2, JFK)
Load(C2, P2, JFK)
Unload(C2, P2, JFK)
Load(C2, P2, JFK)
Unload(C2, P2, JFK)
Load(C2, P2, JFK)
Unload(C2, P2, JFK)
Load(C2, P2, JFK)
Unload(C2, P2, JFK)
Load(C2, P2, JFK)
Unload(C2, P2, JFK)
Load(C2, P2, JFK)
Fly(P2, JFK, SFO)
Unload(C2, P2, SFO)
Fly(P1, SFO, JFK)
Unload(C1, P1, JFK)
Fly(P1, JFK, SFO)
Fly(P3, ATL, SFO)
Unload(C3, P3, SFO)

Solving Air Cargo Problem 2 using depth_limited_search...
python ./run_search.py -p 2 -s 5

Solving Air Cargo Problem 2 using uniform_cost_search...

Expansions   Goal Tests   New Nodes
   4852        4854       44030   

Plan length: 9  Time elapsed in seconds: 12.923120021936484
Load(C1, P1, SFO)
Load(C2, P2, JFK)
Load(C3, P3, ATL)
Fly(P1, SFO, JFK)
Fly(P2, JFK, SFO)
Fly(P3, ATL, SFO)
Unload(C3, P3, SFO)
Unload(C2, P2, SFO)
Unload(C1, P1, JFK)

python ./run_search.py -p 2 -s 6

Solving Air Cargo Problem 2 using recursive_best_first_search with h_1...
===> Took over 30 minutes, I aborted

python ./run_search.py -p 2 -s 7

Solving Air Cargo Problem 2 using greedy_best_first_graph_search with h_1...

Expansions   Goal Tests   New Nodes
   990         992         8910   

Plan length: 21  Time elapsed in seconds: 2.4229307669447735
Load(C1, P1, SFO)
Load(C2, P2, JFK)
Load(C3, P3, ATL)
Fly(P1, SFO, ATL)
Fly(P2, JFK, ATL)
Fly(P3, ATL, JFK)
Fly(P2, ATL, SFO)
Unload(C2, P2, SFO)
Fly(P2, SFO, ATL)
Fly(P3, JFK, SFO)
Load(C2, P3, SFO)
Fly(P3, SFO, JFK)
Fly(P1, ATL, JFK)
Unload(C1, P1, JFK)
Load(C1, P3, JFK)
Fly(P1, JFK, ATL)
Fly(P3, JFK, SFO)
Unload(C3, P3, SFO)
Unload(C2, P3, SFO)
Fly(P3, SFO, JFK)
Unload(C1, P3, JFK)

python ./run_search.py -p 2 -s 8

Solving Air Cargo Problem 2 using astar_search with h_1...

Expansions   Goal Tests   New Nodes
   4852        4854       44030   

Plan length: 9  Time elapsed in seconds: 12.255714708007872
Load(C1, P1, SFO)
Load(C2, P2, JFK)
Load(C3, P3, ATL)
Fly(P1, SFO, JFK)
Fly(P2, JFK, SFO)
Fly(P3, ATL, SFO)
Unload(C3, P3, SFO)
Unload(C2, P2, SFO)
Unload(C1, P1, JFK)


python ./run_search.py -p 2 -s 9

Solving Air Cargo Problem 2 using astar_search with h_ignore_preconditions...

Expansions   Goal Tests   New Nodes
   1450        1452       13303   

Plan length: 9  Time elapsed in seconds: 4.738368863938376
Load(C3, P3, ATL)
Fly(P3, ATL, SFO)
Unload(C3, P3, SFO)
Load(C2, P2, JFK)
Fly(P2, JFK, SFO)
Unload(C2, P2, SFO)
Load(C1, P1, SFO)
Fly(P1, SFO, JFK)
Unload(C1, P1, JFK)


 python ./run_search.py -p 2 -s 10

Solving Air Cargo Problem 2 using astar_search with h_pg_levelsum...

Expansions   Goal Tests   New Nodes
    86          88         841    

Plan length: 9  Time elapsed in seconds: 250.9554077029461
Load(C1, P1, SFO)
Fly(P1, SFO, JFK)
Load(C2, P2, JFK)
Fly(P2, JFK, SFO)
Load(C3, P3, ATL)
Fly(P3, ATL, SFO)
Unload(C3, P3, SFO)
Unload(C2, P2, SFO)
Unload(C1, P1, JFK)
