python ./run_search.py -p 3 -s 1

Solving Air Cargo Problem 3 using breadth_first_search...

Expansions   Goal Tests   New Nodes
  14663       18098       129631  

Plan length: 12  Time elapsed in seconds: 107.76991348108277
Load(C2, P2, JFK)
Load(C1, P1, SFO)
Fly(P2, JFK, ORD)
Load(C4, P2, ORD)
Fly(P1, SFO, ATL)
Load(C3, P1, ATL)
Fly(P1, ATL, JFK)
Unload(C1, P1, JFK)
Unload(C3, P1, JFK)
Fly(P2, ORD, SFO)
Unload(C2, P2, SFO)
Unload(C4, P2, SFO)

python ./run_search.py -p 3 -s 3

Solving Air Cargo Problem 3 using depth_first_graph_search...

Expansions   Goal Tests   New Nodes
   627         628         5176   

Plan length: 596  Time elapsed in seconds: 3.2641349799232557
Fly(P1, SFO, ORD)
Fly(P2, JFK, ORD)
Fly(P1, ORD, ATL)
Fly(P2, ORD, ATL)
Fly(P1, ATL, JFK)
Fly(P2, ATL, SFO)
Load(C1, P2, SFO)
Fly(P2, SFO, ORD)
Fly(P1, JFK, ORD)
Fly(P2, ORD, ATL)
Fly(P1, ORD, ATL)
Fly(P2, ATL, JFK)
Fly(P1, ATL, SFO)
Unload(C1, P2, JFK)
Fly(P1, SFO, ORD)
Fly(P2, JFK, ORD)
Fly(P1, ORD, ATL)
Fly(P2, ORD, ATL)
Fly(P1, ATL, JFK)
Fly(P2, ATL, SFO)
Load(C2, P1, JFK)
Fly(P2, SFO, ORD)
Fly(P1, JFK, ORD)
Fly(P2, ORD, ATL)
Fly(P1, ORD, ATL)
Fly(P2, ATL, JFK)
Fly(P1, ATL, SFO)
Unload(C2, P1, SFO)
Fly(P1, SFO, ORD)
Fly(P2, JFK, ORD)
Fly(P1, ORD, ATL)
Fly(P2, ORD, ATL)
Fly(P1, ATL, JFK)
Fly(P2, ATL, SFO)
Load(C2, P2, SFO)
Fly(P2, SFO, ORD)
Fly(P1, JFK, ORD)
Fly(P2, ORD, ATL)
Fly(P1, ORD, ATL)
Fly(P2, ATL, JFK)
Load(C3, P1, ATL)
Fly(P1, ATL, ORD)
Fly(P2, JFK, ORD)
Fly(P1, ORD, SFO)
Fly(P2, ORD, ATL)
Fly(P1, SFO, JFK)
Fly(P2, ATL, SFO)
Unload(C2, P2, SFO)
Fly(P2, SFO, ORD)
Fly(P1, JFK, ORD)
Fly(P2, ORD, ATL)
Fly(P1, ORD, SFO)
Fly(P2, ATL, JFK)
Fly(P1, SFO, ATL)
Load(C1, P2, JFK)
Fly(P1, ATL, ORD)
Fly(P2, JFK, ORD)
Fly(P1, ORD, SFO)
Fly(P2, ORD, ATL)
Fly(P1, SFO, JFK)
Fly(P2, ATL, SFO)
Unload(C1, P2, SFO)
Fly(P2, SFO, ORD)
Fly(P1, JFK, ORD)
Fly(P2, ORD, ATL)
Fly(P1, ORD, ATL)
Fly(P2, ATL, JFK)
Fly(P1, ATL, SFO)
Unload(C3, P1, SFO)
Fly(P1, SFO, ORD)
Fly(P2, JFK, ORD)
Fly(P1, ORD, ATL)
Fly(P2, ORD, ATL)
Fly(P1, ATL, JFK)
Fly(P2, ATL, SFO)
Load(C3, P2, SFO)
Fly(P2, SFO, ORD)
Fly(P1, JFK, ORD)
Fly(P2, ORD, ATL)
Fly(P1, ORD, ATL)
Fly(P2, ATL, JFK)
Fly(P1, ATL, SFO)
Unload(C3, P2, JFK)
Fly(P1, SFO, ORD)
Fly(P2, JFK, ORD)
Fly(P1, ORD, ATL)
Fly(P2, ORD, SFO)
Load(C2, P2, SFO)
Fly(P1, ATL, ORD)
Fly(P2, SFO, ORD)
Fly(P1, ORD, SFO)
Fly(P2, ORD, ATL)
Fly(P1, SFO, JFK)
Fly(P2, ATL, JFK)
Unload(C2, P2, JFK)
Fly(P2, JFK, ORD)
Fly(P1, JFK, ORD)
Fly(P2, ORD, ATL)
Fly(P1, ORD, ATL)
Fly(P2, ATL, SFO)
Fly(P1, ATL, SFO)
Load(C1, P2, SFO)
Fly(P2, SFO, ORD)
Fly(P1, SFO, ORD)
Fly(P2, ORD, ATL)
Fly(P1, ORD, ATL)
Fly(P2, ATL, JFK)
Fly(P1, ATL, JFK)
Unload(C1, P2, JFK)
Fly(P2, JFK, ORD)
Fly(P1, JFK, ORD)
Fly(P2, ORD, ATL)
Load(C4, P1, ORD)
Fly(P1, ORD, ATL)
Fly(P2, ATL, ORD)
Fly(P1, ATL, SFO)
Fly(P2, ORD, SFO)
Fly(P1, SFO, JFK)
Fly(P2, SFO, JFK)
Unload(C4, P1, JFK)
Fly(P2, JFK, ORD)
Load(C3, P1, JFK)
Fly(P2, ORD, ATL)
Fly(P1, JFK, ORD)
Fly(P2, ATL, SFO)
Fly(P1, ORD, ATL)
Fly(P2, SFO, JFK)
Fly(P1, ATL, SFO)
Unload(C3, P1, SFO)
Fly(P1, SFO, ORD)
Fly(P2, JFK, ORD)
Fly(P1, ORD, ATL)
Fly(P2, ORD, ATL)
Fly(P1, ATL, JFK)
Fly(P2, ATL, SFO)
Load(C3, P2, SFO)
Fly(P2, SFO, ORD)
Fly(P1, JFK, ORD)
Fly(P2, ORD, ATL)
Fly(P1, ORD, ATL)
Fly(P2, ATL, JFK)
Fly(P1, ATL, SFO)
Load(C4, P2, JFK)
Fly(P1, SFO, ORD)
Fly(P2, JFK, ORD)
Fly(P1, ORD, ATL)
Fly(P2, ORD, ATL)
Fly(P1, ATL, JFK)
Fly(P2, ATL, SFO)
Unload(C4, P2, SFO)
Fly(P2, SFO, ORD)
Fly(P1, JFK, ORD)
Fly(P2, ORD, ATL)
Fly(P1, ORD, ATL)
Fly(P2, ATL, JFK)
Fly(P1, ATL, SFO)
Unload(C3, P2, JFK)
Fly(P1, SFO, ORD)
Fly(P2, JFK, ORD)
Fly(P1, ORD, ATL)
Fly(P2, ORD, ATL)
Fly(P1, ATL, JFK)
Fly(P2, ATL, SFO)
Load(C4, P2, SFO)
Fly(P2, SFO, ATL)
Fly(P1, JFK, ORD)
Unload(C4, P2, ATL)
Fly(P1, ORD, SFO)
Fly(P2, ATL, ORD)
Fly(P1, SFO, JFK)
Fly(P2, ORD, SFO)
Fly(P1, JFK, ATL)
Fly(P2, SFO, JFK)
Load(C3, P2, JFK)
Fly(P1, ATL, ORD)
Fly(P2, JFK, ORD)
Fly(P1, ORD, SFO)
Fly(P2, ORD, ATL)
Unload(C3, P2, ATL)
Fly(P2, ATL, ORD)
Fly(P1, SFO, ORD)
Fly(P2, ORD, SFO)
Fly(P1, ORD, ATL)
Fly(P2, SFO, JFK)
Fly(P1, ATL, JFK)
Load(C2, P2, JFK)
Fly(P2, JFK, ORD)
Fly(P1, JFK, ORD)
Fly(P2, ORD, ATL)
Fly(P1, ORD, ATL)
Fly(P2, ATL, SFO)
Fly(P1, ATL, SFO)
Unload(C2, P2, SFO)
Fly(P2, SFO, ORD)
Fly(P1, SFO, ORD)
Fly(P2, ORD, ATL)
Fly(P1, ORD, ATL)
Fly(P2, ATL, JFK)
Fly(P1, ATL, JFK)
Load(C1, P2, JFK)
Fly(P2, JFK, ORD)
Fly(P1, JFK, ORD)
Fly(P2, ORD, ATL)
Fly(P1, ORD, ATL)
Fly(P2, ATL, SFO)
Fly(P1, ATL, SFO)
Unload(C1, P2, SFO)
Fly(P2, SFO, ORD)
Fly(P1, SFO, ORD)
Fly(P2, ORD, ATL)
Fly(P1, ORD, ATL)
Fly(P2, ATL, JFK)
Load(C4, P1, ATL)
Fly(P1, ATL, ORD)
Fly(P2, JFK, ORD)
Fly(P1, ORD, SFO)
Fly(P2, ORD, ATL)
Fly(P1, SFO, JFK)
Fly(P2, ATL, SFO)
Unload(C4, P1, JFK)
Fly(P2, SFO, ORD)
Fly(P1, JFK, ORD)
Fly(P2, ORD, ATL)
Fly(P1, ORD, ATL)
Fly(P2, ATL, JFK)
Fly(P1, ATL, SFO)
Load(C2, P1, SFO)
Fly(P1, SFO, ORD)
Fly(P2, JFK, ORD)
Fly(P1, ORD, ATL)
Fly(P2, ORD, ATL)
Fly(P1, ATL, JFK)
Fly(P2, ATL, SFO)
Unload(C2, P1, JFK)
Fly(P2, SFO, ORD)
Fly(P1, JFK, ORD)
Fly(P2, ORD, ATL)
Fly(P1, ORD, ATL)
Fly(P2, ATL, JFK)
Fly(P1, ATL, SFO)
Load(C1, P1, SFO)
Fly(P1, SFO, ORD)
Fly(P2, JFK, ORD)
Fly(P1, ORD, ATL)
Fly(P2, ORD, ATL)
Fly(P1, ATL, JFK)
Fly(P2, ATL, SFO)
Unload(C1, P1, JFK)
Fly(P2, SFO, ORD)
Fly(P1, JFK, ORD)
Fly(P2, ORD, JFK)
Fly(P1, ORD, SFO)
Load(C4, P2, JFK)
Fly(P1, SFO, ATL)
Fly(P2, JFK, SFO)
Fly(P1, ATL, ORD)
Unload(C4, P2, SFO)
Fly(P1, ORD, SFO)
Fly(P2, SFO, ORD)
Fly(P1, SFO, ATL)
Fly(P2, ORD, JFK)
Fly(P1, ATL, JFK)
Fly(P2, JFK, ATL)
Load(C2, P1, JFK)
Fly(P2, ATL, ORD)
Fly(P1, JFK, ORD)
Fly(P2, ORD, SFO)
Fly(P1, ORD, ATL)
Fly(P2, SFO, JFK)
Fly(P1, ATL, SFO)
Unload(C2, P1, SFO)
Fly(P1, SFO, ORD)
Fly(P2, JFK, ORD)
Fly(P1, ORD, ATL)
Fly(P2, ORD, ATL)
Fly(P1, ATL, JFK)
Fly(P2, ATL, SFO)
Load(C4, P2, SFO)
Fly(P2, SFO, ORD)
Fly(P1, JFK, SFO)
Fly(P2, ORD, ATL)
Load(C3, P2, ATL)
Fly(P2, ATL, ORD)
Fly(P1, SFO, ORD)
Fly(P2, ORD, SFO)
Fly(P1, ORD, ATL)
Fly(P2, SFO, JFK)
Fly(P1, ATL, JFK)
Unload(C4, P2, JFK)
Fly(P2, JFK, ORD)
Fly(P1, JFK, ORD)
Fly(P2, ORD, ATL)
Fly(P1, ORD, ATL)
Fly(P2, ATL, SFO)
Fly(P1, ATL, SFO)
Unload(C3, P2, SFO)
Fly(P2, SFO, ORD)
Fly(P1, SFO, ORD)
Fly(P2, ORD, ATL)
Fly(P1, ORD, ATL)
Fly(P2, ATL, JFK)
Fly(P1, ATL, JFK)
Load(C4, P2, JFK)
Fly(P2, JFK, ORD)
Fly(P1, JFK, ORD)
Fly(P2, ORD, ATL)
Fly(P1, ORD, ATL)
Unload(C4, P2, ATL)
Fly(P2, ATL, ORD)
Fly(P1, ATL, ORD)
Fly(P2, ORD, SFO)
Fly(P1, ORD, SFO)
Fly(P2, SFO, JFK)
Fly(P1, SFO, JFK)
Load(C1, P2, JFK)
Fly(P2, JFK, ORD)
Fly(P1, JFK, ORD)
Fly(P2, ORD, ATL)
Fly(P1, ORD, ATL)
Fly(P2, ATL, SFO)
Fly(P1, ATL, SFO)
Unload(C1, P2, SFO)
Fly(P2, SFO, ORD)
Fly(P1, SFO, ORD)
Fly(P2, ORD, ATL)
Fly(P1, ORD, ATL)
Fly(P2, ATL, JFK)
Load(C4, P1, ATL)
Fly(P1, ATL, SFO)
Fly(P2, JFK, ORD)
Fly(P1, SFO, JFK)
Fly(P2, ORD, ATL)
Fly(P1, JFK, ORD)
Fly(P2, ATL, SFO)
Load(C3, P2, SFO)
Fly(P1, ORD, ATL)
Fly(P2, SFO, ORD)
Fly(P1, ATL, SFO)
Fly(P2, ORD, JFK)
Fly(P1, SFO, JFK)
Unload(C3, P2, JFK)
Fly(P2, JFK, ORD)
Fly(P1, JFK, ATL)
Fly(P2, ORD, ATL)
Fly(P1, ATL, ORD)
Fly(P2, ATL, SFO)
Fly(P1, ORD, SFO)
Unload(C4, P1, SFO)
Fly(P2, SFO, ORD)
Fly(P1, SFO, ORD)
Fly(P2, ORD, ATL)
Fly(P1, ORD, ATL)
Fly(P2, ATL, JFK)
Fly(P1, ATL, JFK)
Load(C3, P2, JFK)
Fly(P2, JFK, ORD)
Fly(P1, JFK, ORD)
Fly(P2, ORD, ATL)
Fly(P1, ORD, ATL)
Fly(P2, ATL, SFO)
Fly(P1, ATL, SFO)
Unload(C3, P2, SFO)
Fly(P1, SFO, ORD)
Load(C4, P2, SFO)
Fly(P1, ORD, ATL)
Fly(P2, SFO, JFK)
Fly(P1, ATL, SFO)
Fly(P2, JFK, ORD)
Load(C3, P1, SFO)
Fly(P2, ORD, ATL)
Fly(P1, SFO, ORD)
Fly(P2, ATL, SFO)
Fly(P1, ORD, ATL)
Fly(P2, SFO, JFK)
Fly(P1, ATL, JFK)
Unload(C4, P2, JFK)
Fly(P2, JFK, ORD)
Fly(P1, JFK, ORD)
Fly(P2, ORD, ATL)
Fly(P1, ORD, SFO)
Fly(P2, ATL, SFO)
Fly(P1, SFO, ATL)
Load(C2, P2, SFO)
Fly(P1, ATL, ORD)
Fly(P2, SFO, ORD)
Fly(P1, ORD, SFO)
Fly(P2, ORD, ATL)
Fly(P1, SFO, JFK)
Fly(P2, ATL, JFK)
Unload(C2, P2, JFK)
Fly(P2, JFK, ORD)
Fly(P1, JFK, ORD)
Fly(P2, ORD, ATL)
Fly(P1, ORD, SFO)
Fly(P2, ATL, SFO)
Fly(P1, SFO, ATL)
Load(C1, P2, SFO)
Fly(P1, ATL, ORD)
Fly(P2, SFO, ORD)
Fly(P1, ORD, SFO)
Fly(P2, ORD, ATL)
Fly(P1, SFO, JFK)
Fly(P2, ATL, JFK)
Load(C4, P2, JFK)
Fly(P2, JFK, ORD)
Fly(P1, JFK, ORD)
Fly(P2, ORD, ATL)
Fly(P1, ORD, ATL)
Fly(P2, ATL, SFO)
Fly(P1, ATL, SFO)
Unload(C4, P2, SFO)
Fly(P2, SFO, ORD)
Fly(P1, SFO, ORD)
Fly(P2, ORD, ATL)
Fly(P1, ORD, ATL)
Fly(P2, ATL, JFK)
Fly(P1, ATL, JFK)
Unload(C1, P2, JFK)
Fly(P2, JFK, ORD)
Fly(P1, JFK, ORD)
Fly(P2, ORD, ATL)
Fly(P1, ORD, ATL)
Fly(P2, ATL, SFO)
Fly(P1, ATL, SFO)
Unload(C3, P1, SFO)
Fly(P2, SFO, ORD)
Fly(P1, SFO, ORD)
Fly(P2, ORD, ATL)
Fly(P1, ORD, ATL)
Fly(P2, ATL, JFK)
Fly(P1, ATL, JFK)
Load(C2, P2, JFK)
Fly(P2, JFK, ORD)
Fly(P1, JFK, ORD)
Fly(P2, ORD, ATL)
Fly(P1, ORD, ATL)
Fly(P2, ATL, SFO)
Fly(P1, ATL, SFO)
Unload(C2, P2, SFO)
Fly(P2, SFO, ORD)
Fly(P1, SFO, ORD)
Fly(P2, ORD, ATL)
Fly(P1, ORD, ATL)
Fly(P2, ATL, JFK)
Fly(P1, ATL, JFK)
Load(C1, P2, JFK)
Fly(P2, JFK, ORD)
Fly(P1, JFK, ORD)
Fly(P2, ORD, ATL)
Fly(P1, ORD, ATL)
Fly(P2, ATL, SFO)
Load(C2, P2, SFO)
Fly(P1, ATL, ORD)
Fly(P2, SFO, ORD)
Fly(P1, ORD, SFO)
Fly(P2, ORD, ATL)
Fly(P1, SFO, JFK)
Unload(C2, P2, ATL)
Fly(P2, ATL, ORD)
Fly(P1, JFK, ORD)
Fly(P2, ORD, SFO)
Fly(P1, ORD, ATL)
Fly(P2, SFO, JFK)
Fly(P1, ATL, SFO)
Unload(C1, P2, JFK)
Fly(P1, SFO, ORD)
Fly(P2, JFK, ORD)
Fly(P1, ORD, ATL)
Fly(P2, ORD, SFO)
Fly(P1, ATL, JFK)
Fly(P2, SFO, ATL)
Load(C1, P1, JFK)
Fly(P2, ATL, ORD)
Fly(P1, JFK, ORD)
Fly(P2, ORD, SFO)
Fly(P1, ORD, ATL)
Fly(P2, SFO, JFK)
Fly(P1, ATL, SFO)
Unload(C1, P1, SFO)
Fly(P1, SFO, ORD)
Fly(P2, JFK, ORD)
Fly(P1, ORD, ATL)
Fly(P2, ORD, ATL)
Fly(P1, ATL, JFK)
Fly(P2, ATL, SFO)
Load(C4, P2, SFO)
Fly(P2, SFO, ORD)
Fly(P1, JFK, ORD)
Fly(P2, ORD, ATL)
Fly(P1, ORD, ATL)
Fly(P2, ATL, JFK)
Fly(P1, ATL, SFO)
Unload(C4, P2, JFK)
Fly(P1, SFO, ORD)
Fly(P2, JFK, ORD)
Fly(P1, ORD, ATL)
Fly(P2, ORD, ATL)
Fly(P1, ATL, JFK)
Fly(P2, ATL, SFO)
Load(C3, P2, SFO)
Fly(P2, SFO, ORD)
Fly(P1, JFK, ORD)
Fly(P2, ORD, ATL)
Fly(P1, ORD, ATL)
Fly(P2, ATL, JFK)
Fly(P1, ATL, SFO)
Unload(C3, P2, JFK)
Fly(P1, SFO, ORD)
Fly(P2, JFK, ORD)
Fly(P1, ORD, ATL)
Fly(P2, ORD, ATL)
Fly(P1, ATL, JFK)
Fly(P2, ATL, SFO)
Load(C1, P2, SFO)
Fly(P2, SFO, ORD)
Fly(P1, JFK, ORD)
Fly(P2, ORD, ATL)
Fly(P1, ORD, ATL)
Fly(P2, ATL, JFK)
Fly(P1, ATL, SFO)
Unload(C1, P2, JFK)
Fly(P1, SFO, ORD)
Fly(P2, JFK, ORD)
Fly(P1, ORD, ATL)
Fly(P2, ORD, ATL)
Fly(P1, ATL, JFK)
Fly(P2, ATL, SFO)
Load(C4, P1, JFK)
Fly(P2, SFO, ORD)
Fly(P1, JFK, ORD)
Fly(P2, ORD, ATL)
Fly(P1, ORD, ATL)
Fly(P2, ATL, JFK)
Fly(P1, ATL, SFO)
Unload(C4, P1, SFO)
Fly(P1, SFO, ORD)
Fly(P2, JFK, ORD)
Fly(P1, ORD, ATL)
Fly(P2, ORD, ATL)
Fly(P1, ATL, JFK)
Fly(P2, ATL, SFO)
Load(C4, P2, SFO)
Fly(P2, SFO, ORD)
Fly(P1, JFK, ORD)
Fly(P2, ORD, ATL)
Fly(P1, ORD, ATL)
Fly(P2, ATL, JFK)
Load(C2, P1, ATL)
Fly(P1, ATL, ORD)
Fly(P2, JFK, ORD)
Fly(P1, ORD, SFO)
Fly(P2, ORD, ATL)
Unload(C4, P2, ATL)
Fly(P2, ATL, ORD)
Fly(P1, SFO, ORD)
Fly(P2, ORD, SFO)
Fly(P1, ORD, ATL)
Fly(P2, SFO, JFK)
Fly(P1, ATL, JFK)
Load(C3, P2, JFK)
Fly(P2, JFK, ORD)
Fly(P1, JFK, ORD)
Fly(P2, ORD, ATL)
Fly(P1, ORD, ATL)
Fly(P2, ATL, SFO)
Unload(C2, P1, ATL)
Fly(P1, ATL, ORD)
Fly(P2, SFO, ORD)
Fly(P1, ORD, SFO)
Fly(P2, ORD, ATL)
Fly(P1, SFO, JFK)
Fly(P2, ATL, JFK)
Unload(C3, P2, JFK)
Fly(P2, JFK, ORD)
Fly(P1, JFK, ORD)
Fly(P2, ORD, SFO)
Fly(P1, ORD, SFO)
Fly(P2, SFO, ATL)
Load(C2, P2, ATL)
Fly(P2, ATL, ORD)
Fly(P1, SFO, ORD)
Fly(P2, ORD, SFO)
Fly(P1, ORD, ATL)
Unload(C2, P2, SFO)
Fly(P1, ATL, SFO)
Fly(P2, SFO, JFK)
Fly(P1, SFO, ORD)
Fly(P2, JFK, ORD)
Fly(P1, ORD, JFK)
Fly(P2, ORD, ATL)
Load(C4, P2, ATL)
Fly(P2, ATL, ORD)
Fly(P1, JFK, ORD)
Fly(P2, ORD, SFO)
Fly(P1, ORD, ATL)
Unload(C4, P2, SFO)

python ./run_search.py -p 3 -s 4

Solving Air Cargo Problem 3 using depth_limited_search...
===> Took over 30 minutes, I aborted.

python ./run_search.py -p 3 -s 5

Solving Air Cargo Problem 3 using uniform_cost_search...

Expansions   Goal Tests   New Nodes
  18235       18237       159716  

Plan length: 12  Time elapsed in seconds: 53.28790889901575
Load(C1, P1, SFO)
Load(C2, P2, JFK)
Fly(P1, SFO, ATL)
Load(C3, P1, ATL)
Fly(P2, JFK, ORD)
Load(C4, P2, ORD)
Fly(P2, ORD, SFO)
Fly(P1, ATL, JFK)
Unload(C4, P2, SFO)
Unload(C3, P1, JFK)
Unload(C2, P2, SFO)
Unload(C1, P1, JFK)

python ./run_search.py -p 3 -s 6
===> Took over 30 minutes, I aborted.

python ./run_search.py -p 3 -s 7

Solving Air Cargo Problem 3 using greedy_best_first_graph_search with h_1...

Expansions   Goal Tests   New Nodes
   5614        5616       49429   

Plan length: 22  Time elapsed in seconds: 16.879961509956047
Load(C1, P1, SFO)
Load(C2, P2, JFK)
Fly(P1, SFO, ORD)
Load(C4, P1, ORD)
Fly(P2, JFK, ATL)
Load(C3, P2, ATL)
Fly(P2, ATL, ORD)
Fly(P1, ORD, ATL)
Unload(C4, P1, ATL)
Fly(P1, ATL, ORD)
Fly(P2, ORD, ATL)
Load(C4, P2, ATL)
Fly(P2, ATL, ORD)
Unload(C3, P2, ORD)
Load(C3, P1, ORD)
Fly(P1, ORD, JFK)
Unload(C3, P1, JFK)
Unload(C1, P1, JFK)
Fly(P1, JFK, ORD)
Fly(P2, ORD, SFO)
Unload(C4, P2, SFO)
Unload(C2, P2, SFO)

python ./run_search.py -p 3 -s 8

Solving Air Cargo Problem 3 using astar_search with h_1...

Expansions   Goal Tests   New Nodes
  18235       18237       159716  

Plan length: 12  Time elapsed in seconds: 53.22155515092891
Load(C1, P1, SFO)
Load(C2, P2, JFK)
Fly(P1, SFO, ATL)
Load(C3, P1, ATL)
Fly(P2, JFK, ORD)
Load(C4, P2, ORD)
Fly(P2, ORD, SFO)
Fly(P1, ATL, JFK)
Unload(C4, P2, SFO)
Unload(C3, P1, JFK)
Unload(C2, P2, SFO)
Unload(C1, P1, JFK)


python ./run_search.py -p 3 -s 9

Solving Air Cargo Problem 3 using astar_search with h_ignore_preconditions...

Expansions   Goal Tests   New Nodes
   5040        5042       44944   

Plan length: 12  Time elapsed in seconds: 17.15658315899782
Load(C2, P2, JFK)
Fly(P2, JFK, ORD)
Load(C4, P2, ORD)
Fly(P2, ORD, SFO)
Unload(C4, P2, SFO)
Load(C1, P1, SFO)
Fly(P1, SFO, ATL)
Load(C3, P1, ATL)
Fly(P1, ATL, JFK)
Unload(C3, P1, JFK)
Unload(C2, P2, SFO)
Unload(C1, P1, JFK)


python ./run_search.py -p 3 -s 10

Solving Air Cargo Problem 3 using astar_search with h_pg_levelsum...

Expansions   Goal Tests   New Nodes
   325         327         3002   

Plan length: 12  Time elapsed in seconds: 927.757300717989
Load(C2, P2, JFK)
Fly(P2, JFK, ORD)
Load(C4, P2, ORD)
Fly(P2, ORD, SFO)
Load(C1, P1, SFO)
Fly(P1, SFO, ATL)
Load(C3, P1, ATL)
Fly(P1, ATL, JFK)
Unload(C4, P2, SFO)
Unload(C3, P1, JFK)
Unload(C2, P2, SFO)
Unload(C1, P1, JFK)
python ./run_search.py -p 3 -s 10

Solving Air Cargo Problem 3 using astar_search with h_pg_levelsum...

Expansions   Goal Tests   New Nodes
   325         327         3002   

Plan length: 12  Time elapsed in seconds: 927.757300717989
Load(C2, P2, JFK)
Fly(P2, JFK, ORD)
Load(C4, P2, ORD)
Fly(P2, ORD, SFO)
Load(C1, P1, SFO)
Fly(P1, SFO, ATL)
Load(C3, P1, ATL)
Fly(P1, ATL, JFK)
Unload(C4, P2, SFO)
Unload(C3, P1, JFK)
Unload(C2, P2, SFO)
Unload(C1, P1, JFK)
python ./run_search.py -p 3 -s 10

Solving Air Cargo Problem 3 using astar_search with h_pg_levelsum...

Expansions   Goal Tests   New Nodes
   325         327         3002   

Plan length: 12  Time elapsed in seconds: 927.757300717989
Load(C2, P2, JFK)
Fly(P2, JFK, ORD)
Load(C4, P2, ORD)
Fly(P2, ORD, SFO)
Load(C1, P1, SFO)
Fly(P1, SFO, ATL)
Load(C3, P1, ATL)
Fly(P1, ATL, JFK)
Unload(C4, P2, SFO)
Unload(C3, P1, JFK)
Unload(C2, P2, SFO)
Unload(C1, P1, JFK)

